<?xml version="1.0" encoding="UTF-8"?>
<testsuite xmlns:xsi="http://www.w3.org/2001/XMLSchema-instance" xsi:noNamespaceSchemaLocation="https://maven.apache.org/surefire/maven-surefire-plugin/xsd/surefire-test-report.xsd" name="com.example.memo.service.MemoServiceBugFixTest" time="4.981" tests="3" errors="0" skipped="0" failures="0">
  <properties>
[...]
</properties>
  <testcase name="testAllMemosIncludingDivisibleBy7Seconds" classname="com.example.memo.service.MemoServiceBugFixTest" time="0.41"/>
  <testcase name="testMemoVisibilityAtSpecificSeconds" classname="com.example.memo.service.MemoServiceBugFixTest" time="0.065"/>
  <testcase name="testComparisonBetweenGetAllAndGetById" classname="com.example.memo.service.MemoServiceBugFixTest" time="0"/>
</testsuite>